{
  "RSpec": {
    "coverage": {
      "/home/andrew/projects/yelp_clone/app/models/user.rb": [
        1,
        1,
        1,
        1,
        null,
        null,
        null,
        1,
        null,
        null,
        1,
        0,
        0,
        0,
        null,
        null,
        null,
        1,
        66,
        66,
        0,
        null,
        null,
        null,
        null
      ],
      "/home/andrew/projects/yelp_clone/app/helpers/application_helper.rb": [
        1,
        null
      ],
      "/home/andrew/projects/yelp_clone/app/helpers/endorsements_helper.rb": [
        1,
        null
      ],
      "/home/andrew/projects/yelp_clone/app/helpers/restaurants_helper.rb": [
        1,
        null,
        1,
        105,
        null,
        95,
        null,
        null
      ],
      "/home/andrew/projects/yelp_clone/app/helpers/reviews_helper.rb": [
        1,
        1,
        27,
        26,
        26,
        null,
        null
      ],
      "/home/andrew/projects/yelp_clone/app/models/endorsement.rb": [
        1,
        1,
        null
      ],
      "/home/andrew/projects/yelp_clone/app/models/restaurant.rb": [
        1,
        1,
        1,
        null,
        1,
        1,
        null,
        1,
        1,
        null,
        1,
        3,
        1,
        1,
        null,
        null,
        2,
        null,
        null,
        1,
        2,
        0,
        0,
        null,
        null,
        2,
        null,
        null,
        1,
        10,
        null,
        null,
        1,
        26,
        25,
        null,
        null
      ],
      "/home/andrew/projects/yelp_clone/app/models/review.rb": [
        1,
        1,
        1,
        1,
        null,
        1,
        1,
        1,
        null
      ],
      "/home/andrew/projects/yelp_clone/app/controllers/restaurants_controller.rb": [
        1,
        1,
        null,
        1,
        162,
        null,
        null,
        1,
        1,
        null,
        null,
        1,
        27,
        null,
        null,
        1,
        26,
        26,
        25,
        null,
        1,
        null,
        null,
        null,
        1,
        3,
        null,
        null,
        1,
        3,
        null,
        3,
        2,
        2,
        null,
        1,
        1,
        null,
        null,
        null,
        1,
        2,
        null,
        2,
        2,
        2,
        null,
        0,
        0,
        null,
        null,
        null,
        1,
        null,
        1,
        29,
        null,
        null
      ],
      "/home/andrew/projects/yelp_clone/app/controllers/application_controller.rb": [
        1,
        null,
        null,
        1,
        null
      ],
      "/home/andrew/projects/yelp_clone/app/controllers/reviews_controller.rb": [
        1,
        1,
        6,
        6,
        null,
        null,
        1,
        6,
        6,
        null,
        6,
        6,
        6,
        null,
        null,
        0,
        0,
        null,
        0,
        null,
        null,
        null,
        null,
        1,
        6,
        null,
        null
      ],
      "/home/andrew/projects/yelp_clone/app/controllers/endorsements_controller.rb": [
        1,
        1,
        1,
        1,
        1,
        null,
        null
      ]
    },
    "timestamp": 1449426571
  }
}
